C:\USERS\USER\DOCUMENTS\VISUAL STUDIO 2012\PROJECTS\DATAEXTRACTOR\DATAEXTRACTOR\DEBUG\DATAEXTRACTOR.PCH
C:\USERS\USER\DOCUMENTS\VISUAL STUDIO 2012\PROJECTS\DATAEXTRACTOR\DATAEXTRACTOR\DEBUG\STDAFX.OBJ
C:\USERS\USER\DOCUMENTS\VISUAL STUDIO 2012\PROJECTS\DATAEXTRACTOR\DATAEXTRACTOR\DEBUG\VC110.PDB
C:\USERS\USER\DOCUMENTS\VISUAL STUDIO 2012\PROJECTS\DATAEXTRACTOR\DATAEXTRACTOR\DEBUG\DATAEXTRACTOR.OBJ
c:\Users\user\Documents\Visual Studio 2012\Projects\DataExtractor\DataExtractor\Debug\DataExtractor.obj
c:\Users\user\Documents\Visual Studio 2012\Projects\DataExtractor\DataExtractor\Debug\stdafx.obj
c:\Users\user\Documents\Visual Studio 2012\Projects\DataExtractor\DataExtractor\Debug\cl.command.1.tlog
c:\Users\user\Documents\Visual Studio 2012\Projects\DataExtractor\DataExtractor\Debug\CL.read.1.tlog
c:\Users\user\Documents\Visual Studio 2012\Projects\DataExtractor\DataExtractor\Debug\CL.write.1.tlog
c:\Users\user\Documents\Visual Studio 2012\Projects\DataExtractor\DataExtractor\Debug\link-cvtres.read.1.tlog
c:\Users\user\Documents\Visual Studio 2012\Projects\DataExtractor\DataExtractor\Debug\link-cvtres.write.1.tlog
c:\Users\user\Documents\Visual Studio 2012\Projects\DataExtractor\DataExtractor\Debug\link-rc.read.1.tlog
c:\Users\user\Documents\Visual Studio 2012\Projects\DataExtractor\DataExtractor\Debug\link-rc.write.1.tlog
c:\Users\user\Documents\Visual Studio 2012\Projects\DataExtractor\DataExtractor\Debug\link.command.1.tlog
c:\Users\user\Documents\Visual Studio 2012\Projects\DataExtractor\DataExtractor\Debug\link.read.1.tlog
c:\Users\user\Documents\Visual Studio 2012\Projects\DataExtractor\DataExtractor\Debug\link.write.1.tlog
c:\Users\user\Documents\Visual Studio 2012\Projects\DataExtractor\DataExtractor\Debug\DataExtractor.pch
c:\Users\user\Documents\Visual Studio 2012\Projects\DataExtractor\DataExtractor\Debug\vc110.idb
c:\Users\user\Documents\Visual Studio 2012\Projects\DataExtractor\DataExtractor\Debug\vc110.pdb
c:\Users\user\Documents\Visual Studio 2012\Projects\DataExtractor\Debug\DataExtractor.pdb
